{"contracts\\external\\Enum.sol":{"l":{},"path":"C:\\semsem\\failsafe\\security_guard_contract\\coverage\\contracts\\external\\Enum.sol","s":{},"b":{},"f":{},"fnMap":{},"statementMap":{},"branchMap":{}},"contracts\\external\\GuardManager.sol":{"l":{"68":1},"path":"C:\\semsem\\failsafe\\security_guard_contract\\coverage\\contracts\\external\\GuardManager.sol","s":{"1":1},"b":{},"f":{"1":1},"fnMap":{"1":{"name":"supportsInterface","line":61,"loc":{"start":{"line":61,"column":4},"end":{"line":71,"column":4}}}},"statementMap":{"1":{"start":{"line":68,"column":8},"end":{"line":68,"column":2760}}},"branchMap":{}},"contracts\\external\\interfaces\\IERC165.sol":{"l":{},"path":"C:\\semsem\\failsafe\\security_guard_contract\\coverage\\contracts\\external\\interfaces\\IERC165.sol","s":{},"b":{},"f":{},"fnMap":{},"statementMap":{},"branchMap":{}},"contracts\\external\\interfaces\\IFallbackManager.sol":{"l":{},"path":"C:\\semsem\\failsafe\\security_guard_contract\\coverage\\contracts\\external\\interfaces\\IFallbackManager.sol","s":{},"b":{},"f":{},"fnMap":{},"statementMap":{},"branchMap":{}},"contracts\\external\\interfaces\\IGuardManager.sol":{"l":{},"path":"C:\\semsem\\failsafe\\security_guard_contract\\coverage\\contracts\\external\\interfaces\\IGuardManager.sol","s":{},"b":{},"f":{},"fnMap":{},"statementMap":{},"branchMap":{}},"contracts\\external\\interfaces\\IModuleManager.sol":{"l":{},"path":"C:\\semsem\\failsafe\\security_guard_contract\\coverage\\contracts\\external\\interfaces\\IModuleManager.sol","s":{},"b":{},"f":{},"fnMap":{},"statementMap":{},"branchMap":{}},"contracts\\external\\interfaces\\IOwnerManager.sol":{"l":{},"path":"C:\\semsem\\failsafe\\security_guard_contract\\coverage\\contracts\\external\\interfaces\\IOwnerManager.sol","s":{},"b":{},"f":{},"fnMap":{},"statementMap":{},"branchMap":{}},"contracts\\external\\interfaces\\ISafe.sol":{"l":{},"path":"C:\\semsem\\failsafe\\security_guard_contract\\coverage\\contracts\\external\\interfaces\\ISafe.sol","s":{},"b":{},"f":{},"fnMap":{},"statementMap":{},"branchMap":{}},"contracts\\external\\SafeMath.sol":{"l":{"19":6,"20":1,"23":5,"24":5,"26":5,"36":3,"37":1,"39":1,"49":1,"50":1,"52":1,"62":1},"path":"C:\\semsem\\failsafe\\security_guard_contract\\coverage\\contracts\\external\\SafeMath.sol","s":{"1":6,"2":1,"3":5,"4":5,"5":5,"6":3,"7":1,"8":1,"9":1,"10":1,"11":1,"12":1},"b":{"1":[1,5],"2":[5,0],"3":[1,2],"4":[1,0]},"f":{"1":6,"2":3,"3":1,"4":1},"fnMap":{"1":{"name":"mul","line":15,"loc":{"start":{"line":15,"column":4},"end":{"line":27,"column":4}}},"2":{"name":"sub","line":35,"loc":{"start":{"line":35,"column":4},"end":{"line":40,"column":4}}},"3":{"name":"add","line":48,"loc":{"start":{"line":48,"column":4},"end":{"line":53,"column":4}}},"4":{"name":"max","line":61,"loc":{"start":{"line":61,"column":4},"end":{"line":63,"column":4}}}},"statementMap":{"1":{"start":{"line":19,"column":8},"end":{"line":19,"column":703}},"2":{"start":{"line":20,"column":12},"end":{"line":20,"column":20}},"3":{"start":{"line":23,"column":8},"end":{"line":23,"column":25}},"4":{"start":{"line":24,"column":8},"end":{"line":24,"column":26}},"5":{"start":{"line":26,"column":8},"end":{"line":26,"column":16}},"6":{"start":{"line":36,"column":8},"end":{"line":36,"column":22}},"7":{"start":{"line":37,"column":8},"end":{"line":37,"column":25}},"8":{"start":{"line":39,"column":8},"end":{"line":39,"column":16}},"9":{"start":{"line":49,"column":8},"end":{"line":49,"column":25}},"10":{"start":{"line":50,"column":8},"end":{"line":50,"column":22}},"11":{"start":{"line":52,"column":8},"end":{"line":52,"column":16}},"12":{"start":{"line":62,"column":8},"end":{"line":62,"column":29}}},"branchMap":{"1":{"line":19,"type":"if","locations":[{"start":{"line":19,"column":8},"end":{"line":19,"column":8}},{"start":{"line":19,"column":8},"end":{"line":19,"column":8}}]},"2":{"line":24,"type":"if","locations":[{"start":{"line":24,"column":8},"end":{"line":24,"column":8}},{"start":{"line":24,"column":8},"end":{"line":24,"column":8}}]},"3":{"line":36,"type":"if","locations":[{"start":{"line":36,"column":8},"end":{"line":36,"column":8}},{"start":{"line":36,"column":8},"end":{"line":36,"column":8}}]},"4":{"line":50,"type":"if","locations":[{"start":{"line":50,"column":8},"end":{"line":50,"column":8}},{"start":{"line":50,"column":8},"end":{"line":50,"column":8}}]}}},"contracts\\external\\SignatureDecoder.sol":{"l":{"24":4},"path":"C:\\semsem\\failsafe\\security_guard_contract\\coverage\\contracts\\external\\SignatureDecoder.sol","s":{},"b":{},"f":{"1":4},"fnMap":{"1":{"name":"signatureSplit","line":21,"loc":{"start":{"line":21,"column":4},"end":{"line":31,"column":4}}}},"statementMap":{},"branchMap":{}},"contracts\\guard\\AttestationGuard.sol":{"l":{"27":21,"28":19,"29":19,"40":4,"41":2,"45":6,"46":4,"47":2,"53":3,"54":1,"61":4,"62":2,"82":8,"83":1,"86":7,"88":7,"90":6,"104":6,"105":1,"108":5,"110":5,"112":4,"113":4,"114":4,"115":4,"117":4,"118":4,"120":4,"124":1,"129":0,"133":1,"137":2,"140":4,"143":1,"148":3},"path":"C:\\semsem\\failsafe\\security_guard_contract\\coverage\\contracts\\guard\\AttestationGuard.sol","s":{"1":21,"2":19,"3":19,"4":4,"5":2,"6":6,"7":4,"8":2,"9":3,"10":1,"11":4,"12":2,"13":8,"14":1,"15":7,"16":7,"17":6,"18":6,"19":1,"20":5,"21":5,"22":4,"23":4,"24":4,"25":4,"26":4,"27":4,"28":4,"29":1,"30":3,"31":0,"32":3,"33":1,"34":2,"35":4,"36":1,"37":3},"b":{"1":[19,2],"2":[2,2],"3":[4,2],"4":[2,2],"5":[1,2],"6":[2,2],"7":[1,7],"8":[6,1],"9":[1,5],"10":[4,1],"11":[1,3],"12":[0,3],"13":[1,2],"14":[1,3]},"f":{"1":21,"2":0,"3":4,"4":6,"5":3,"6":4,"7":8,"8":1,"9":1},"fnMap":{"1":{"name":"constructor","line":26,"loc":{"start":{"line":26,"column":4},"end":{"line":31,"column":4}}},"2":{"name":null,"line":34,"loc":{"start":{"line":34,"column":4},"end":{"line":37,"column":4}}},"3":{"name":"enforceAttestation","line":39,"loc":{"start":{"line":39,"column":4},"end":{"line":42,"column":4}}},"4":{"name":"setAttestationAutority","line":44,"loc":{"start":{"line":44,"column":4},"end":{"line":48,"column":4}}},"5":{"name":"setAttestationPolicyThumbprint","line":50,"loc":{"start":{"line":50,"column":4},"end":{"line":55,"column":4}}},"6":{"name":"attestHash","line":60,"loc":{"start":{"line":60,"column":4},"end":{"line":63,"column":4}}},"7":{"name":"checkTransaction","line":69,"loc":{"start":{"line":69,"column":4},"end":{"line":149,"column":4}}},"8":{"name":"checkAfterExecution","line":151,"loc":{"start":{"line":151,"column":4},"end":{"line":151,"column":72}}},"9":{"name":"checkModuleTransaction","line":161,"loc":{"start":{"line":161,"column":4},"end":{"line":167,"column":43}}}},"statementMap":{"1":{"start":{"line":27,"column":8},"end":{"line":27,"column":88}},"2":{"start":{"line":28,"column":8},"end":{"line":28,"column":51}},"3":{"start":{"line":29,"column":8},"end":{"line":29,"column":27}},"4":{"start":{"line":40,"column":8},"end":{"line":40,"column":75}},"5":{"start":{"line":41,"column":8},"end":{"line":41,"column":30}},"6":{"start":{"line":45,"column":8},"end":{"line":45,"column":88}},"7":{"start":{"line":46,"column":8},"end":{"line":46,"column":75}},"8":{"start":{"line":47,"column":8},"end":{"line":47,"column":51}},"9":{"start":{"line":53,"column":8},"end":{"line":53,"column":75}},"10":{"start":{"line":54,"column":8},"end":{"line":54,"column":65}},"11":{"start":{"line":61,"column":8},"end":{"line":61,"column":75}},"12":{"start":{"line":62,"column":8},"end":{"line":62,"column":52}},"13":{"start":{"line":82,"column":8},"end":{"line":82,"column":3471}},"14":{"start":{"line":83,"column":12},"end":{"line":83,"column":18}},"15":{"start":{"line":86,"column":8},"end":{"line":86,"column":56}},"16":{"start":{"line":88,"column":8},"end":{"line":88,"column":71}},"17":{"start":{"line":90,"column":8},"end":{"line":90,"column":3739}},"18":{"start":{"line":104,"column":8},"end":{"line":104,"column":4098}},"19":{"start":{"line":105,"column":12},"end":{"line":105,"column":18}},"20":{"start":{"line":108,"column":8},"end":{"line":108,"column":60}},"21":{"start":{"line":110,"column":8},"end":{"line":110,"column":87}},"22":{"start":{"line":112,"column":8},"end":{"line":112,"column":17}},"23":{"start":{"line":113,"column":8},"end":{"line":113,"column":17}},"24":{"start":{"line":114,"column":8},"end":{"line":114,"column":17}},"25":{"start":{"line":115,"column":8},"end":{"line":115,"column":28}},"26":{"start":{"line":117,"column":8},"end":{"line":117,"column":4587}},"27":{"start":{"line":118,"column":12},"end":{"line":118,"column":52}},"28":{"start":{"line":120,"column":12},"end":{"line":120,"column":4704}},"29":{"start":{"line":124,"column":16},"end":{"line":124,"column":58}},"30":{"start":{"line":126,"column":19},"end":{"line":126,"column":5031}},"31":{"start":{"line":129,"column":16},"end":{"line":129,"column":58}},"32":{"start":{"line":130,"column":19},"end":{"line":130,"column":5281}},"33":{"start":{"line":133,"column":16},"end":{"line":133,"column":132}},"34":{"start":{"line":137,"column":16},"end":{"line":137,"column":63}},"35":{"start":{"line":140,"column":12},"end":{"line":140,"column":5952}},"36":{"start":{"line":143,"column":16},"end":{"line":143,"column":22}},"37":{"start":{"line":148,"column":8},"end":{"line":148,"column":48}}},"branchMap":{"1":{"line":27,"type":"if","locations":[{"start":{"line":27,"column":8},"end":{"line":27,"column":8}},{"start":{"line":27,"column":8},"end":{"line":27,"column":8}}]},"2":{"line":40,"type":"if","locations":[{"start":{"line":40,"column":8},"end":{"line":40,"column":8}},{"start":{"line":40,"column":8},"end":{"line":40,"column":8}}]},"3":{"line":45,"type":"if","locations":[{"start":{"line":45,"column":8},"end":{"line":45,"column":8}},{"start":{"line":45,"column":8},"end":{"line":45,"column":8}}]},"4":{"line":46,"type":"if","locations":[{"start":{"line":46,"column":8},"end":{"line":46,"column":8}},{"start":{"line":46,"column":8},"end":{"line":46,"column":8}}]},"5":{"line":53,"type":"if","locations":[{"start":{"line":53,"column":8},"end":{"line":53,"column":8}},{"start":{"line":53,"column":8},"end":{"line":53,"column":8}}]},"6":{"line":61,"type":"if","locations":[{"start":{"line":61,"column":8},"end":{"line":61,"column":8}},{"start":{"line":61,"column":8},"end":{"line":61,"column":8}}]},"7":{"line":82,"type":"if","locations":[{"start":{"line":82,"column":8},"end":{"line":82,"column":8}},{"start":{"line":82,"column":8},"end":{"line":82,"column":8}}]},"8":{"line":88,"type":"if","locations":[{"start":{"line":88,"column":8},"end":{"line":88,"column":8}},{"start":{"line":88,"column":8},"end":{"line":88,"column":8}}]},"9":{"line":104,"type":"if","locations":[{"start":{"line":104,"column":8},"end":{"line":104,"column":8}},{"start":{"line":104,"column":8},"end":{"line":104,"column":8}}]},"10":{"line":110,"type":"if","locations":[{"start":{"line":110,"column":8},"end":{"line":110,"column":8}},{"start":{"line":110,"column":8},"end":{"line":110,"column":8}}]},"11":{"line":120,"type":"if","locations":[{"start":{"line":120,"column":12},"end":{"line":120,"column":12}},{"start":{"line":120,"column":12},"end":{"line":120,"column":12}}]},"12":{"line":126,"type":"if","locations":[{"start":{"line":126,"column":19},"end":{"line":126,"column":19}},{"start":{"line":126,"column":19},"end":{"line":126,"column":19}}]},"13":{"line":130,"type":"if","locations":[{"start":{"line":130,"column":19},"end":{"line":130,"column":19}},{"start":{"line":130,"column":19},"end":{"line":130,"column":19}}]},"14":{"line":140,"type":"if","locations":[{"start":{"line":140,"column":12},"end":{"line":140,"column":12}},{"start":{"line":140,"column":12},"end":{"line":140,"column":12}}]}}},"contracts\\guard\\AttestationGuardFactory.sol":{"l":{"14":1,"18":1},"path":"C:\\semsem\\failsafe\\security_guard_contract\\coverage\\contracts\\guard\\AttestationGuardFactory.sol","s":{"1":1,"2":1},"b":{},"f":{"1":3,"2":1},"fnMap":{"1":{"name":"constructor","line":10,"loc":{"start":{"line":10,"column":4},"end":{"line":10,"column":39}}},"2":{"name":"createAttestationGuard","line":13,"loc":{"start":{"line":13,"column":4},"end":{"line":19,"column":4}}}},"statementMap":{"1":{"start":{"line":14,"column":8},"end":{"line":14,"column":492}},"2":{"start":{"line":18,"column":8},"end":{"line":18,"column":60}}},"branchMap":{}},"contracts\\notForAudit_test_cases.sol":{"l":{"11":1,"15":3,"19":1,"23":1},"path":"C:\\semsem\\failsafe\\security_guard_contract\\coverage\\contracts\\notForAudit_test_cases.sol","s":{"1":1,"2":3,"3":1,"4":1},"b":{},"f":{"1":1,"2":3,"3":1,"4":1},"fnMap":{"1":{"name":"mul","line":10,"loc":{"start":{"line":10,"column":4},"end":{"line":12,"column":4}}},"2":{"name":"sub","line":14,"loc":{"start":{"line":14,"column":4},"end":{"line":16,"column":4}}},"3":{"name":"add","line":18,"loc":{"start":{"line":18,"column":4},"end":{"line":20,"column":4}}},"4":{"name":"max","line":22,"loc":{"start":{"line":22,"column":4},"end":{"line":24,"column":4}}}},"statementMap":{"1":{"start":{"line":11,"column":8},"end":{"line":11,"column":23}},"2":{"start":{"line":15,"column":8},"end":{"line":15,"column":23}},"3":{"start":{"line":19,"column":8},"end":{"line":19,"column":23}},"4":{"start":{"line":23,"column":8},"end":{"line":23,"column":23}}},"branchMap":{}}}